<?xml version="1.0" encoding="UTF-8"?>
<testsuite xmlns:xsi="http://www.w3.org/2001/XMLSchema-instance" xsi:noNamespaceSchemaLocation="https://maven.apache.org/surefire/maven-surefire-plugin/xsd/surefire-test-report-3.0.xsd" version="3.0" name="com.javatechie.k8s.SpringbootK8sDemoApplicationTests" time="3.994" tests="1" errors="0" skipped="0" failures="0">
  <properties>
[...]
</properties>
  <testcase name="contextLoads" classname="com.javatechie.k8s.SpringbootK8sDemoApplicationTests" time="1.166">
    <system-out><![CDATA[04:41:31.454 [main] INFO org.springframework.test.context.support.AnnotationConfigContextLoaderUtils -- Could not detect default configuration classes for test class [com.javatechie.k8s.SpringbootK8sDemoApplicationTests]: SpringbootK8sDemoApplicationTests does not declare any static, non-private, non-final, nested classes annotated with @Configuration.
04:41:31.621 [main] INFO org.springframework.boot.test.context.SpringBootTestContextBootstrapper -- Found @SpringBootConfiguration com.javatechie.k8s.SpringbootK8sDemoApplication for test class com.javatechie.k8s.SpringbootK8sDemoApplicationTests

  .   ____          _            __ _ _
 /\\ / ___'_ __ _ _(_)_ __  __ _ \ \ \ \
( ( )\___ | '_ | '_| | '_ \/ _` | \ \ \ \
 \\/  ___)| |_)| | | | | || (_| |  ) ) ) )
  '  |____| .__|_| |_|_| |_\__, | / / / /
 =========|_|==============|___/=/_/_/_/
 :: Spring Boot ::                (v3.2.1)

2024-03-19T04:41:32.259+05:30  INFO 19808 --- [           main] c.j.k.SpringbootK8sDemoApplicationTests  : Starting SpringbootK8sDemoApplicationTests using Java 17.0.10 with PID 19808 (started by supun in D:\My_Programmes\Kubernetes?\springboot-k8s)
2024-03-19T04:41:32.262+05:30  INFO 19808 --- [           main] c.j.k.SpringbootK8sDemoApplicationTests  : No active profile set, falling back to 1 default profile: "default"
2024-03-19T04:41:34.041+05:30  INFO 19808 --- [           main] c.j.k.SpringbootK8sDemoApplicationTests  : Started SpringbootK8sDemoApplicationTests in 2.161 seconds (process running for 3.648)
]]></system-out>
  </testcase>
</testsuite>